<?xml version="1.0" encoding="UTF-8"?>
<!-- Generated by org.testng.reporters.JUnitReportReporter -->
<testsuite hostname="LAPTOP-PKCD9K85" failures="0" tests="2" name="com.ExtraaazDemo.testLayer.LoginTest" time="12.578" errors="0" timestamp="2023-11-23T20:51:46 IST" skipped="0">
  <testcase classname="com.ExtraaazDemo.testLayer.LoginTest" name="loginwithValidCred" time="7.250"/>
  <testcase classname="com.ExtraaazDemo.testLayer.LoginTest" name="loginwithInValidCred" time="5.328"/>
</testsuite> <!-- com.ExtraaazDemo.testLayer.LoginTest -->
