<?xml version="1.0" encoding="UTF-8"?>
<!-- Generated by org.testng.reporters.JUnitReportReporter -->
<testsuite hostname="LAPTOP-PKCD9K85" failures="0" tests="1" name="com.ExtraaazDemo.testLayer.LoginTest" time="5.432" errors="0" timestamp="2023-11-23T19:35:03 IST" skipped="0">
  <testcase classname="com.ExtraaazDemo.testLayer.LoginTest" name="loginwithInValidCred" time="5.432"/>
</testsuite> <!-- com.ExtraaazDemo.testLayer.LoginTest -->
